<?xml version="1.0" encoding="UTF-8"?>
<!-- Generated by org.testng.reporters.JUnitXMLReporter -->
<testsuite hostname="ATMECSINDT-050" name="Send Duels From Friends Profile" tests="1" failures="0" timestamp="21 Jan 2017 11:24:55 GMT" time="49.001" errors="0">
  <testcase name="sendDuelsFromFriendsProfile on [StartDuelOnFriendsProfile passed=0 failed=0 skipped=0]" time="32.127" classname="com.atmecs.falcone.duels.StartDuelOnFriendsProfile"/>
</testsuite> <!-- Send Duels From Friends Profile -->
