<?xml version="1.0" encoding="UTF-8"?>
<!-- Generated by org.testng.reporters.JUnitXMLReporter -->
<testsuite hostname="BRrpp658sdc.local" name="Test" tests="2" failures="0" timestamp="20 Jul 2016 06:02:19 GMT" time="37.637" errors="0">
  <testcase name="testAddItemToCart on [TestScript1 passed=0 failed=0 skipped=0]" time="6.3" classname="com.atmecs.falcon.module.TestScript1"/>
  <testcase name="testCheckBox on [TestScript1 passed=0 failed=0 skipped=0]" time="11.209" classname="com.atmecs.falcon.module.TestScript1"/>
</testsuite> <!-- Test -->
